c:\users\xsj\desktop\2020秋实习任务\2020秋实习任务\课堂管理系统\classmanagementsystem_server\classmanagementsystem_server\debug\vc142.pdb
c:\users\xsj\desktop\2020秋实习任务\2020秋实习任务\课堂管理系统\classmanagementsystem_server\classmanagementsystem_server\debug\vc142.idb
c:\users\xsj\desktop\2020秋实习任务\2020秋实习任务\课堂管理系统\classmanagementsystem_server\classmanagementsystem_server\debug\controller.obj
c:\users\xsj\desktop\2020秋实习任务\2020秋实习任务\课堂管理系统\classmanagementsystem_server\classmanagementsystem_server\debug\server.obj
c:\users\xsj\desktop\2020秋实习任务\2020秋实习任务\课堂管理系统\classmanagementsystem_server\classmanagementsystem_server\debug\data.obj
c:\users\xsj\desktop\2020秋实习任务\2020秋实习任务\课堂管理系统\classmanagementsystem_server\classmanagementsystem_server\debug\global.obj
c:\users\xsj\desktop\2020秋实习任务\2020秋实习任务\课堂管理系统\classmanagementsystem_server\classmanagementsystem_server\debug\mysql.obj
c:\users\xsj\desktop\2020秋实习任务\2020秋实习任务\课堂管理系统\classmanagementsystem_server\debug\classmanagementsystem_server.lib
c:\users\xsj\desktop\2020秋实习任务\2020秋实习任务\课堂管理系统\classmanagementsystem_server\debug\classmanagementsystem_server.exp
c:\users\xsj\desktop\2020秋实习任务\2020秋实习任务\课堂管理系统\classmanagementsystem_server\debug\classmanagementsystem_server.pdb
c:\users\xsj\desktop\2020秋实习任务\2020秋实习任务\课堂管理系统\classmanagementsystem_server\classmanagementsystem_server\debug\classman.32e46405.tlog\cl.command.1.tlog
c:\users\xsj\desktop\2020秋实习任务\2020秋实习任务\课堂管理系统\classmanagementsystem_server\classmanagementsystem_server\debug\classman.32e46405.tlog\cl.read.1.tlog
c:\users\xsj\desktop\2020秋实习任务\2020秋实习任务\课堂管理系统\classmanagementsystem_server\classmanagementsystem_server\debug\classman.32e46405.tlog\cl.write.1.tlog
c:\users\xsj\desktop\2020秋实习任务\2020秋实习任务\课堂管理系统\classmanagementsystem_server\classmanagementsystem_server\debug\classman.32e46405.tlog\classmanagementsystem_server.write.1u.tlog
c:\users\xsj\desktop\2020秋实习任务\2020秋实习任务\课堂管理系统\classmanagementsystem_server\classmanagementsystem_server\debug\classman.32e46405.tlog\link-cvtres.read.1.tlog
c:\users\xsj\desktop\2020秋实习任务\2020秋实习任务\课堂管理系统\classmanagementsystem_server\classmanagementsystem_server\debug\classman.32e46405.tlog\link-cvtres.write.1.tlog
c:\users\xsj\desktop\2020秋实习任务\2020秋实习任务\课堂管理系统\classmanagementsystem_server\classmanagementsystem_server\debug\classman.32e46405.tlog\link-rc.read.1.tlog
c:\users\xsj\desktop\2020秋实习任务\2020秋实习任务\课堂管理系统\classmanagementsystem_server\classmanagementsystem_server\debug\classman.32e46405.tlog\link-rc.write.1.tlog
c:\users\xsj\desktop\2020秋实习任务\2020秋实习任务\课堂管理系统\classmanagementsystem_server\classmanagementsystem_server\debug\classman.32e46405.tlog\link.11468.delete.1.tlog
c:\users\xsj\desktop\2020秋实习任务\2020秋实习任务\课堂管理系统\classmanagementsystem_server\classmanagementsystem_server\debug\classman.32e46405.tlog\link.13656-cvtres.read.1.tlog
c:\users\xsj\desktop\2020秋实习任务\2020秋实习任务\课堂管理系统\classmanagementsystem_server\classmanagementsystem_server\debug\classman.32e46405.tlog\link.13656-cvtres.write.1.tlog
c:\users\xsj\desktop\2020秋实习任务\2020秋实习任务\课堂管理系统\classmanagementsystem_server\classmanagementsystem_server\debug\classman.32e46405.tlog\link.13656-rc.read.1.tlog
c:\users\xsj\desktop\2020秋实习任务\2020秋实习任务\课堂管理系统\classmanagementsystem_server\classmanagementsystem_server\debug\classman.32e46405.tlog\link.13656-rc.write.1.tlog
c:\users\xsj\desktop\2020秋实习任务\2020秋实习任务\课堂管理系统\classmanagementsystem_server\classmanagementsystem_server\debug\classman.32e46405.tlog\link.13656.read.1.tlog
c:\users\xsj\desktop\2020秋实习任务\2020秋实习任务\课堂管理系统\classmanagementsystem_server\classmanagementsystem_server\debug\classman.32e46405.tlog\link.13656.write.1.tlog
c:\users\xsj\desktop\2020秋实习任务\2020秋实习任务\课堂管理系统\classmanagementsystem_server\classmanagementsystem_server\debug\classman.32e46405.tlog\link.16236.delete.1.tlog
c:\users\xsj\desktop\2020秋实习任务\2020秋实习任务\课堂管理系统\classmanagementsystem_server\classmanagementsystem_server\debug\classman.32e46405.tlog\link.5720.delete.1.tlog
c:\users\xsj\desktop\2020秋实习任务\2020秋实习任务\课堂管理系统\classmanagementsystem_server\classmanagementsystem_server\debug\classman.32e46405.tlog\link.command.1.tlog
c:\users\xsj\desktop\2020秋实习任务\2020秋实习任务\课堂管理系统\classmanagementsystem_server\classmanagementsystem_server\debug\classman.32e46405.tlog\link.read.1.tlog
c:\users\xsj\desktop\2020秋实习任务\2020秋实习任务\课堂管理系统\classmanagementsystem_server\classmanagementsystem_server\debug\classman.32e46405.tlog\link.write.1.tlog
