  activity.cpp
C:\Users\xsj\Desktop\2020秋实习任务\2020秋实习任务\课堂管理系统\ClassManagementSystem_client\ClassManagementSystem_client\data.h(1,1): warning C4819: The file contains a character that cannot be represented in the current code page (936). Save the file in Unicode format to prevent data loss
C:\Users\xsj\Desktop\2020秋实习任务\2020秋实习任务\课堂管理系统\ClassManagementSystem_client\ClassManagementSystem_client\client.h(1,1): warning C4819: The file contains a character that cannot be represented in the current code page (936). Save the file in Unicode format to prevent data loss
  client.cpp
C:\Users\xsj\Desktop\2020秋实习任务\2020秋实习任务\课堂管理系统\ClassManagementSystem_client\ClassManagementSystem_client\client.h(1,1): warning C4819: The file contains a character that cannot be represented in the current code page (936). Save the file in Unicode format to prevent data loss
C:\Users\xsj\Desktop\2020秋实习任务\2020秋实习任务\课堂管理系统\ClassManagementSystem_client\ClassManagementSystem_client\data.h(1,1): warning C4819: The file contains a character that cannot be represented in the current code page (936). Save the file in Unicode format to prevent data loss
C:\Users\xsj\Desktop\2020秋实习任务\2020秋实习任务\课堂管理系统\ClassManagementSystem_client\ClassManagementSystem_client\client.cpp(33,24): warning C4996: 'inet_addr': Use inet_pton() or InetPton() instead or define _WINSOCK_DEPRECATED_NO_WARNINGS to disable deprecated API warnings
  controller.cpp
C:\Users\xsj\Desktop\2020秋实习任务\2020秋实习任务\课堂管理系统\ClassManagementSystem_client\ClassManagementSystem_client\controller.cpp(1,1): warning C4819: The file contains a character that cannot be represented in the current code page (936). Save the file in Unicode format to prevent data loss
C:\Users\xsj\Desktop\2020秋实习任务\2020秋实习任务\课堂管理系统\ClassManagementSystem_client\ClassManagementSystem_client\controller.cpp(1,10): warning C4067: unexpected tokens following preprocessor directive - expected a newline
C:\Users\xsj\Desktop\2020秋实习任务\2020秋实习任务\课堂管理系统\ClassManagementSystem_client\ClassManagementSystem_client\controller.h(5,10): warning C4067: unexpected tokens following preprocessor directive - expected a newline
C:\Users\xsj\Desktop\2020秋实习任务\2020秋实习任务\课堂管理系统\ClassManagementSystem_client\ClassManagementSystem_client\data.h(1,1): warning C4819: The file contains a character that cannot be represented in the current code page (936). Save the file in Unicode format to prevent data loss
C:\Users\xsj\Desktop\2020秋实习任务\2020秋实习任务\课堂管理系统\ClassManagementSystem_client\ClassManagementSystem_client\controller.h(6,10): warning C4067: unexpected tokens following preprocessor directive - expected a newline
C:\Users\xsj\Desktop\2020秋实习任务\2020秋实习任务\课堂管理系统\ClassManagementSystem_client\ClassManagementSystem_client\client.h(1,1): warning C4819: The file contains a character that cannot be represented in the current code page (936). Save the file in Unicode format to prevent data loss
  data.cpp
C:\Users\xsj\Desktop\2020秋实习任务\2020秋实习任务\课堂管理系统\ClassManagementSystem_client\ClassManagementSystem_client\data.h(1,1): warning C4819: The file contains a character that cannot be represented in the current code page (936). Save the file in Unicode format to prevent data loss
  request.cpp
C:\Users\xsj\Desktop\2020秋实习任务\2020秋实习任务\课堂管理系统\ClassManagementSystem_client\ClassManagementSystem_client\data.h(1,1): warning C4819: The file contains a character that cannot be represented in the current code page (936). Save the file in Unicode format to prevent data loss
C:\Users\xsj\Desktop\2020秋实习任务\2020秋实习任务\课堂管理系统\ClassManagementSystem_client\ClassManagementSystem_client\client.h(1,1): warning C4819: The file contains a character that cannot be represented in the current code page (936). Save the file in Unicode format to prevent data loss
  Generating Code...
C:\Users\xsj\Desktop\2020秋实习任务\2020秋实习任务\课堂管理系统\ClassManagementSystem_client\ClassManagementSystem_client\client.cpp(62): warning C4715: 'ClientInit': not all control paths return a value
     Creating library C:\Users\xsj\Desktop\2020秋实习任务\2020秋实习任务\课堂管理系统\ClassManagementSystem_client\Debug\ClassManagementSystem_client.lib and object C:\Users\xsj\Desktop\2020秋实习任务\2020秋实习任务\课堂管理系统\ClassManagementSystem_client\Debug\ClassManagementSystem_client.exp
  ClassManagementSystem_client.vcxproj -> C:\Users\xsj\Desktop\2020秋实习任务\2020秋实习任务\课堂管理系统\ClassManagementSystem_client\Debug\ClassManagementSystem_client.exe
